app/build/outputs/logs/manifest-merger-debug-report.txt
-- Merging decision tree log ---
manifest
ADDED from src/main/AndroidManifest.xml:2:1-45:12
INJECTED from src/main/AndroidManifest.xml:2:1-45:12
INJECTED from src/main/AndroidManifest.xml:2:1-45:12
INJECTED from src/main/AndroidManifest.xml:2:1-45:12
MERGED from [com.android.support:appcompat-v7:28.0.0-alpha3] AndroidManifest.xml:17:1-22:12
MERGED from [com.android.support.constraint:constraint-layout:1.1.2] AndroidManifest.xml:2:1-11:12
MERGED from [com.google.firebase:firebase-database:11.8.0] AndroidManifest.xml:2:1-8:12
MERGED from [com.google.android.gms:play-services-location:11.8.0] AndroidManifest.xml:2:1-9:12
MERGED from [com.google.firebase:firebase-storage:11.8.0] AndroidManifest.xml:2:1-8:12
MERGED from [com.google.firebase:firebase-auth:11.8.0] AndroidManifest.xml:17:1-32:12
MERGED from [com.android.support:recyclerview-v7:26.1.0] AndroidManifest.xml:17:1-28:12
MERGED from [com.google.firebase:firebase-database-connection:11.8.0] AndroidManifest.xml:2:1-8:12
MERGED from [com.google.firebase:firebase-core:11.8.0] AndroidManifest.xml:2:1-6:12
MERGED from [com.google.firebase:firebase-analytics:11.8.0] AndroidManifest.xml:17:1-54:12
MERGED from [com.google.firebase:firebase-analytics-impl:11.8.0] AndroidManifest.xml:17:1-40:12
MERGED from [com.google.firebase:firebase-iid:11.8.0] AndroidManifest.xml:17:1-59:12
MERGED from [com.google.firebase:firebase-common:11.8.0] AndroidManifest.xml:2:1-15:12
MERGED from [com.google.android.gms:play-services-base:11.8.0] AndroidManifest.xml:17:1-29:12
MERGED from [com.google.android.gms:play-services-tasks:11.8.0] AndroidManifest.xml:2:1-9:12
MERGED from [com.google.firebase:firebase-storage-common:11.8.0] AndroidManifest.xml:2:1-8:12
MERGED from [com.google.android.gms:play-services-basement:11.8.0] AndroidManifest.xml:17:1-28:12
MERGED from [com.android.support:support-v4:28.0.0-alpha3] AndroidManifest.xml:17:1-22:12
MERGED from [com.android.support:support-fragment:28.0.0-alpha3] AndroidManifest.xml:17:1-22:12
MERGED from [com.android.support:animated-vector-drawable:28.0.0-alpha3] AndroidManifest.xml:17:1-22:12
MERGED from [com.android.support:support-core-ui:28.0.0-alpha3] AndroidManifest.xml:17:1-22:12
MERGED from [com.android.support:support-core-utils:28.0.0-alpha3] AndroidManifest.xml:17:1-22:12
MERGED from [com.android.support:support-vector-drawable:28.0.0-alpha3] AndroidManifest.xml:17:1-22:12
MERGED from [com.android.support:loader:28.0.0-alpha3] AndroidManifest.xml:17:1-22:12
MERGED from [com.android.support:viewpager:28.0.0-alpha3] AndroidManifest.xml:17:1-22:12
MERGED from [com.android.support:coordinatorlayout:28.0.0-alpha3] AndroidManifest.xml:17:1-22:12
MERGED from [com.android.support:drawerlayout:28.0.0-alpha3] AndroidManifest.xml:17:1-22:12
MERGED from [com.android.support:slidingpanelayout:28.0.0-alpha3] AndroidManifest.xml:17:1-22:12
MERGED from [com.android.support:customview:28.0.0-alpha3] AndroidManifest.xml:17:1-22:12
MERGED from [com.android.support:swiperefreshlayout:28.0.0-alpha3] AndroidManifest.xml:17:1-22:12
MERGED from [com.android.support:asynclayoutinflater:28.0.0-alpha3] AndroidManifest.xml:17:1-22:12
MERGED from [com.android.support:support-media-compat:28.0.0-alpha3] AndroidManifest.xml:17:1-22:12
MERGED from [com.android.support:support-compat:28.0.0-alpha3] AndroidManifest.xml:17:1-24:12
MERGED from [com.android.support:cursoradapter:28.0.0-alpha3] AndroidManifest.xml:17:1-22:12
MERGED from [com.android.support:documentfile:28.0.0-alpha3] AndroidManifest.xml:17:1-22:12
MERGED from [com.android.support:localbroadcastmanager:28.0.0-alpha3] AndroidManifest.xml:17:1-22:12
MERGED from [com.android.support:print:28.0.0-alpha3] AndroidManifest.xml:17:1-22:12
MERGED from [android.arch.lifecycle:viewmodel:1.1.1] AndroidManifest.xml:17:1-22:12
MERGED from [android.arch.lifecycle:livedata-core:1.1.1] AndroidManifest.xml:17:1-22:12
MERGED from [android.arch.lifecycle:runtime:1.1.1] AndroidManifest.xml:17:1-22:12
MERGED from [android.arch.core:runtime:1.1.1] AndroidManifest.xml:17:1-22:12
MERGED from [com.android.support:versionedparcelable:28.0.0-alpha3] AndroidManifest.xml:17:1-25:12
MERGED from [com.android.support:interpolator:28.0.0-alpha3] AndroidManifest.xml:17:1-22:12
MERGED from [com.google.firebase:firebase-database-license:11.8.0] AndroidManifest.xml:2:1-6:12
MERGED from [com.google.android.gms:play-services-location-license:11.8.0] AndroidManifest.xml:2:1-6:12
MERGED from [com.google.firebase:firebase-storage-license:11.8.0] AndroidManifest.xml:2:1-6:12
MERGED from [com.google.firebase:firebase-auth-license:11.8.0] AndroidManifest.xml:2:1-6:12
MERGED from [com.google.firebase:firebase-database-connection-license:11.8.0] AndroidManifest.xml:2:1-6:12
MERGED from [com.google.android.gms:play-services-basement-license:11.8.0] AndroidManifest.xml:2:1-6:12
MERGED from [com.google.firebase:firebase-common-license:11.8.0] AndroidManifest.xml:2:1-6:12
MERGED from [com.google.android.gms:play-services-tasks-license:11.8.0] AndroidManifest.xml:2:1-6:12
MERGED from [com.google.android.gms:play-services-base-license:11.8.0] AndroidManifest.xml:2:1-6:12
MERGED from [com.google.firebase:firebase-storage-common-license:11.8.0] AndroidManifest.xml:2:1-6:12
MERGED from [com.google.firebase:firebase-analytics-license:11.8.0] AndroidManifest.xml:2:1-6:12
MERGED from [com.google.firebase:firebase-analytics-impl-license:11.8.0] AndroidManifest.xml:2:1-6:12
MERGED from [com.google.firebase:firebase-iid-license:11.8.0] AndroidManifest.xml:2:1-6:12
INJECTED from src/main/AndroidManifest.xml:2:1-45:12
INJECTED from src/main/AndroidManifest.xml:2:1-45:12
INJECTED from src/main/AndroidManifest.xml:2:1-45:12
	package
		ADDED from src/main/AndroidManifest.xml:3:5-41
		INJECTED from src/main/AndroidManifest.xml
		INJECTED from src/main/AndroidManifest.xml
	android:versionName
		INJECTED from src/main/AndroidManifest.xml
		ADDED from src/main/AndroidManifest.xml:2:1-45:12
		INJECTED from src/main/AndroidManifest.xml
	android:versionCode
		INJECTED from src/main/AndroidManifest.xml
		ADDED from src/main/AndroidManifest.xml:2:1-45:12
		INJECTED from src/main/AndroidManifest.xml
	xmlns:android
		ADDED from src/main/AndroidManifest.xml:2:11-69
uses-permission#android.permission.ACCESS_FINE_LOCATION
ADDED from src/main/AndroidManifest.xml:5:5-79
	android:name
		ADDED from src/main/AndroidManifest.xml:5:22-76
uses-permission#android.permission.ACCESS_COARSE_LOCATION
ADDED from src/main/AndroidManifest.xml:6:5-81
	android:name
		ADDED from src/main/AndroidManifest.xml:6:22-78
uses-permission#android.permission.INTERNET
ADDED from src/main/AndroidManifest.xml:7:5-67
MERGED from [com.google.firebase:firebase-analytics:11.8.0] AndroidManifest.xml:23:5-67
MERGED from [com.google.firebase:firebase-analytics:11.8.0] AndroidManifest.xml:23:5-67
MERGED from [com.google.firebase:firebase-analytics-impl:11.8.0] AndroidManifest.xml:23:5-67
MERGED from [com.google.firebase:firebase-analytics-impl:11.8.0] AndroidManifest.xml:23:5-67
MERGED from [com.google.firebase:firebase-iid:11.8.0] AndroidManifest.xml:23:5-67
MERGED from [com.google.firebase:firebase-iid:11.8.0] AndroidManifest.xml:23:5-67
	android:name
		ADDED from src/main/AndroidManifest.xml:7:22-64
uses-feature#android.hardware.location.gps
ADDED from src/main/AndroidManifest.xml:9:5-66
	android:name
		ADDED from src/main/AndroidManifest.xml:9:19-63
application
ADDED from src/main/AndroidManifest.xml:11:5-43:19
MERGED from [com.android.support.constraint:constraint-layout:1.1.2] AndroidManifest.xml:9:5-20
MERGED from [com.android.support.constraint:constraint-layout:1.1.2] AndroidManifest.xml:9:5-20
MERGED from [com.google.android.gms:play-services-location:11.8.0] AndroidManifest.xml:7:5-20
MERGED from [com.google.android.gms:play-services-location:11.8.0] AndroidManifest.xml:7:5-20
MERGED from [com.google.firebase:firebase-auth:11.8.0] AndroidManifest.xml:22:5-30:19
MERGED from [com.google.firebase:firebase-auth:11.8.0] AndroidManifest.xml:22:5-30:19
MERGED from [com.android.support:recyclerview-v7:26.1.0] AndroidManifest.xml:22:5-26:19
MERGED from [com.android.support:recyclerview-v7:26.1.0] AndroidManifest.xml:22:5-26:19
MERGED from [com.google.firebase:firebase-core:11.8.0] AndroidManifest.xml:5:5-20
MERGED from [com.google.firebase:firebase-core:11.8.0] AndroidManifest.xml:5:5-20
MERGED from [com.google.firebase:firebase-analytics:11.8.0] AndroidManifest.xml:27:5-52:19
MERGED from [com.google.firebase:firebase-analytics:11.8.0] AndroidManifest.xml:27:5-52:19
MERGED from [com.google.firebase:firebase-analytics-impl:11.8.0] AndroidManifest.xml:27:5-38:19
MERGED from [com.google.firebase:firebase-analytics-impl:11.8.0] AndroidManifest.xml:27:5-38:19
MERGED from [com.google.firebase:firebase-iid:11.8.0] AndroidManifest.xml:34:5-57:19
MERGED from [com.google.firebase:firebase-iid:11.8.0] AndroidManifest.xml:34:5-57:19
MERGED from [com.google.firebase:firebase-common:11.8.0] AndroidManifest.xml:7:5-13:19
MERGED from [com.google.firebase:firebase-common:11.8.0] AndroidManifest.xml:7:5-13:19
MERGED from [com.google.android.gms:play-services-base:11.8.0] AndroidManifest.xml:22:5-27:19
MERGED from [com.google.android.gms:play-services-base:11.8.0] AndroidManifest.xml:22:5-27:19
MERGED from [com.google.android.gms:play-services-tasks:11.8.0] AndroidManifest.xml:7:5-20
MERGED from [com.google.android.gms:play-services-tasks:11.8.0] AndroidManifest.xml:7:5-20
MERGED from [com.google.android.gms:play-services-basement:11.8.0] AndroidManifest.xml:22:5-26:19
MERGED from [com.google.android.gms:play-services-basement:11.8.0] AndroidManifest.xml:22:5-26:19
MERGED from [com.android.support:support-compat:28.0.0-alpha3] AndroidManifest.xml:22:5-94
MERGED from [com.android.support:support-compat:28.0.0-alpha3] AndroidManifest.xml:22:5-94
MERGED from [com.android.support:versionedparcelable:28.0.0-alpha3] AndroidManifest.xml:22:5-23:19
MERGED from [com.android.support:versionedparcelable:28.0.0-alpha3] AndroidManifest.xml:22:5-23:19
MERGED from [com.google.firebase:firebase-database-license:11.8.0] AndroidManifest.xml:5:5-20
MERGED from [com.google.firebase:firebase-database-license:11.8.0] AndroidManifest.xml:5:5-20
MERGED from [com.google.android.gms:play-services-location-license:11.8.0] AndroidManifest.xml:5:5-20
MERGED from [com.google.android.gms:play-services-location-license:11.8.0] AndroidManifest.xml:5:5-20
MERGED from [com.google.firebase:firebase-storage-license:11.8.0] AndroidManifest.xml:5:5-20
MERGED from [com.google.firebase:firebase-storage-license:11.8.0] AndroidManifest.xml:5:5-20
MERGED from [com.google.firebase:firebase-auth-license:11.8.0] AndroidManifest.xml:5:5-20
MERGED from [com.google.firebase:firebase-auth-license:11.8.0] AndroidManifest.xml:5:5-20
MERGED from [com.google.firebase:firebase-database-connection-license:11.8.0] AndroidManifest.xml:5:5-20
MERGED from [com.google.firebase:firebase-database-connection-license:11.8.0] AndroidManifest.xml:5:5-20
MERGED from [com.google.android.gms:play-services-basement-license:11.8.0] AndroidManifest.xml:5:5-20
MERGED from [com.google.android.gms:play-services-basement-license:11.8.0] AndroidManifest.xml:5:5-20
MERGED from [com.google.firebase:firebase-common-license:11.8.0] AndroidManifest.xml:5:5-20
MERGED from [com.google.firebase:firebase-common-license:11.8.0] AndroidManifest.xml:5:5-20
MERGED from [com.google.android.gms:play-services-tasks-license:11.8.0] AndroidManifest.xml:5:5-20
MERGED from [com.google.android.gms:play-services-tasks-license:11.8.0] AndroidManifest.xml:5:5-20
MERGED from [com.google.android.gms:play-services-base-license:11.8.0] AndroidManifest.xml:5:5-20
MERGED from [com.google.android.gms:play-services-base-license:11.8.0] AndroidManifest.xml:5:5-20
MERGED from [com.google.firebase:firebase-storage-common-license:11.8.0] AndroidManifest.xml:5:5-20
MERGED from [com.google.firebase:firebase-storage-common-license:11.8.0] AndroidManifest.xml:5:5-20
MERGED from [com.google.firebase:firebase-analytics-license:11.8.0] AndroidManifest.xml:5:5-20
MERGED from [com.google.firebase:firebase-analytics-license:11.8.0] AndroidManifest.xml:5:5-20
MERGED from [com.google.firebase:firebase-analytics-impl-license:11.8.0] AndroidManifest.xml:5:5-20
MERGED from [com.google.firebase:firebase-analytics-impl-license:11.8.0] AndroidManifest.xml:5:5-20
MERGED from [com.google.firebase:firebase-iid-license:11.8.0] AndroidManifest.xml:5:5-20
MERGED from [com.google.firebase:firebase-iid-license:11.8.0] AndroidManifest.xml:5:5-20
	android:appComponentFactory
		ADDED from [com.android.support:support-compat:28.0.0-alpha3] AndroidManifest.xml:22:18-91
	android:supportsRtl
		ADDED from src/main/AndroidManifest.xml:16:9-35
	android:label
		ADDED from src/main/AndroidManifest.xml:14:9-41
	android:roundIcon
		ADDED from src/main/AndroidManifest.xml:15:9-54
	android:icon
		ADDED from src/main/AndroidManifest.xml:13:9-43
	android:allowBackup
		ADDED from src/main/AndroidManifest.xml:12:9-35
	android:theme
		ADDED from src/main/AndroidManifest.xml:17:9-65
activity#com.laioffer.eventreporter.MainActivity
ADDED from src/main/AndroidManifest.xml:18:9-26:20
	android:name
		ADDED from src/main/AndroidManifest.xml:18:19-47
activity#com.laioffer.eventreporter.Main2Activity
ADDED from src/main/AndroidManifest.xml:27:9-51
	android:name
		ADDED from src/main/AndroidManifest.xml:27:19-48
activity#com.laioffer.eventreporter.LoginActivity
ADDED from src/main/AndroidManifest.xml:28:9-34:20
	android:name
		ADDED from src/main/AndroidManifest.xml:28:19-48
intent-filter#action:name:android.intent.action.MAIN+category:name:android.intent.category.LAUNCHER
ADDED from src/main/AndroidManifest.xml:29:13-33:29
action#android.intent.action.MAIN
ADDED from src/main/AndroidManifest.xml:30:17-69
	android:name
		ADDED from src/main/AndroidManifest.xml:30:25-66
category#android.intent.category.LAUNCHER
ADDED from src/main/AndroidManifest.xml:32:17-77
	android:name
		ADDED from src/main/AndroidManifest.xml:32:27-74
activity#com.laioffer.eventreporter.EventActivity
ADDED from src/main/AndroidManifest.xml:35:9-51
	android:name
		ADDED from src/main/AndroidManifest.xml:35:19-48
activity#com.laioffer.eventreporter.EventReportActivity
ADDED from src/main/AndroidManifest.xml:36:9-39:80
	android:screenOrientation
		ADDED from src/main/AndroidManifest.xml:38:13-49
	android:windowSoftInputMode
		ADDED from src/main/AndroidManifest.xml:39:13-68
	android:name
		ADDED from src/main/AndroidManifest.xml:37:13-48
activity#com.laioffer.eventreporter.CommentActivity
ADDED from src/main/AndroidManifest.xml:40:9-42:80
	android:screenOrientation
		ADDED from src/main/AndroidManifest.xml:41:13-49
	android:windowSoftInputMode
		ADDED from src/main/AndroidManifest.xml:42:13-68
	android:name
		ADDED from src/main/AndroidManifest.xml:40:19-50
uses-sdk
INJECTED from src/main/AndroidManifest.xml reason: use-sdk injection requested
INJECTED from src/main/AndroidManifest.xml
INJECTED from src/main/AndroidManifest.xml
MERGED from [com.android.support:appcompat-v7:28.0.0-alpha3] AndroidManifest.xml:20:5-44
MERGED from [com.android.support:appcompat-v7:28.0.0-alpha3] AndroidManifest.xml:20:5-44
MERGED from [com.android.support.constraint:constraint-layout:1.1.2] AndroidManifest.xml:5:5-7:41
MERGED from [com.android.support.constraint:constraint-layout:1.1.2] AndroidManifest.xml:5:5-7:41
MERGED from [com.google.firebase:firebase-database:11.8.0] AndroidManifest.xml:6:5-44
MERGED from [com.google.firebase:firebase-database:11.8.0] AndroidManifest.xml:6:5-44
MERGED from [com.google.android.gms:play-services-location:11.8.0] AndroidManifest.xml:5:5-44
MERGED from [com.google.android.gms:play-services-location:11.8.0] AndroidManifest.xml:5:5-44
MERGED from [com.google.firebase:firebase-storage:11.8.0] AndroidManifest.xml:6:5-44
MERGED from [com.google.firebase:firebase-storage:11.8.0] AndroidManifest.xml:6:5-44
MERGED from [com.google.firebase:firebase-auth:11.8.0] AndroidManifest.xml:20:5-44
MERGED from [com.google.firebase:firebase-auth:11.8.0] AndroidManifest.xml:20:5-44
MERGED from [com.android.support:recyclerview-v7:26.1.0] AndroidManifest.xml:20:5-44
MERGED from [com.android.support:recyclerview-v7:26.1.0] AndroidManifest.xml:20:5-44
MERGED from [com.google.firebase:firebase-database-connection:11.8.0] AndroidManifest.xml:6:5-44
MERGED from [com.google.firebase:firebase-database-connection:11.8.0] AndroidManifest.xml:6:5-44
MERGED from [com.google.firebase:firebase-core:11.8.0] AndroidManifest.xml:4:5-43
MERGED from [com.google.firebase:firebase-core:11.8.0] AndroidManifest.xml:4:5-43
MERGED from [com.google.firebase:firebase-analytics:11.8.0] AndroidManifest.xml:20:5-44
MERGED from [com.google.firebase:firebase-analytics:11.8.0] AndroidManifest.xml:20:5-44
MERGED from [com.google.firebase:firebase-analytics-impl:11.8.0] AndroidManifest.xml:20:5-44
MERGED from [com.google.firebase:firebase-analytics-impl:11.8.0] AndroidManifest.xml:20:5-44
MERGED from [com.google.firebase:firebase-iid:11.8.0] AndroidManifest.xml:20:5-44
MERGED from [com.google.firebase:firebase-iid:11.8.0] AndroidManifest.xml:20:5-44
MERGED from [com.google.firebase:firebase-common:11.8.0] AndroidManifest.xml:5:5-44
MERGED from [com.google.firebase:firebase-common:11.8.0] AndroidManifest.xml:5:5-44
MERGED from [com.google.android.gms:play-services-base:11.8.0] AndroidManifest.xml:20:5-44
MERGED from [com.google.android.gms:play-services-base:11.8.0] AndroidManifest.xml:20:5-44
MERGED from [com.google.android.gms:play-services-tasks:11.8.0] AndroidManifest.xml:5:5-44
MERGED from [com.google.android.gms:play-services-tasks:11.8.0] AndroidManifest.xml:5:5-44
MERGED from [com.google.firebase:firebase-storage-common:11.8.0] AndroidManifest.xml:6:5-44
MERGED from [com.google.firebase:firebase-storage-common:11.8.0] AndroidManifest.xml:6:5-44
MERGED from [com.google.android.gms:play-services-basement:11.8.0] AndroidManifest.xml:20:5-44
MERGED from [com.google.android.gms:play-services-basement:11.8.0] AndroidManifest.xml:20:5-44
MERGED from [com.android.support:support-v4:28.0.0-alpha3] AndroidManifest.xml:20:5-44
MERGED from [com.android.support:support-v4:28.0.0-alpha3] AndroidManifest.xml:20:5-44
MERGED from [com.android.support:support-fragment:28.0.0-alpha3] AndroidManifest.xml:20:5-44
MERGED from [com.android.support:support-fragment:28.0.0-alpha3] AndroidManifest.xml:20:5-44
MERGED from [com.android.support:animated-vector-drawable:28.0.0-alpha3] AndroidManifest.xml:20:5-44
MERGED from [com.android.support:animated-vector-drawable:28.0.0-alpha3] AndroidManifest.xml:20:5-44
MERGED from [com.android.support:support-core-ui:28.0.0-alpha3] AndroidManifest.xml:20:5-44
MERGED from [com.android.support:support-core-ui:28.0.0-alpha3] AndroidManifest.xml:20:5-44
MERGED from [com.android.support:support-core-utils:28.0.0-alpha3] AndroidManifest.xml:20:5-44
MERGED from [com.android.support:support-core-utils:28.0.0-alpha3] AndroidManifest.xml:20:5-44
MERGED from [com.android.support:support-vector-drawable:28.0.0-alpha3] AndroidManifest.xml:20:5-44
MERGED from [com.android.support:support-vector-drawable:28.0.0-alpha3] AndroidManifest.xml:20:5-44
MERGED from [com.android.support:loader:28.0.0-alpha3] AndroidManifest.xml:20:5-44
MERGED from [com.android.support:loader:28.0.0-alpha3] AndroidManifest.xml:20:5-44
MERGED from [com.android.support:viewpager:28.0.0-alpha3] AndroidManifest.xml:20:5-44
MERGED from [com.android.support:viewpager:28.0.0-alpha3] AndroidManifest.xml:20:5-44
MERGED from [com.android.support:coordinatorlayout:28.0.0-alpha3] AndroidManifest.xml:20:5-44
MERGED from [com.android.support:coordinatorlayout:28.0.0-alpha3] AndroidManifest.xml:20:5-44
MERGED from [com.android.support:drawerlayout:28.0.0-alpha3] AndroidManifest.xml:20:5-44
MERGED from [com.android.support:drawerlayout:28.0.0-alpha3] AndroidManifest.xml:20:5-44
MERGED from [com.android.support:slidingpanelayout:28.0.0-alpha3] AndroidManifest.xml:20:5-44
MERGED from [com.android.support:slidingpanelayout:28.0.0-alpha3] AndroidManifest.xml:20:5-44
MERGED from [com.android.support:customview:28.0.0-alpha3] AndroidManifest.xml:20:5-44
MERGED from [com.android.support:customview:28.0.0-alpha3] AndroidManifest.xml:20:5-44
MERGED from [com.android.support:swiperefreshlayout:28.0.0-alpha3] AndroidManifest.xml:20:5-44
MERGED from [com.android.support:swiperefreshlayout:28.0.0-alpha3] AndroidManifest.xml:20:5-44
MERGED from [com.android.support:asynclayoutinflater:28.0.0-alpha3] AndroidManifest.xml:20:5-44
MERGED from [com.android.support:asynclayoutinflater:28.0.0-alpha3] AndroidManifest.xml:20:5-44
MERGED from [com.android.support:support-media-compat:28.0.0-alpha3] AndroidManifest.xml:20:5-44
MERGED from [com.android.support:support-media-compat:28.0.0-alpha3] AndroidManifest.xml:20:5-44
MERGED from [com.android.support:support-compat:28.0.0-alpha3] AndroidManifest.xml:20:5-44
MERGED from [com.android.support:support-compat:28.0.0-alpha3] AndroidManifest.xml:20:5-44
MERGED from [com.android.support:cursoradapter:28.0.0-alpha3] AndroidManifest.xml:20:5-44
MERGED from [com.android.support:cursoradapter:28.0.0-alpha3] AndroidManifest.xml:20:5-44
MERGED from [com.android.support:documentfile:28.0.0-alpha3] AndroidManifest.xml:20:5-44
MERGED from [com.android.support:documentfile:28.0.0-alpha3] AndroidManifest.xml:20:5-44
MERGED from [com.android.support:localbroadcastmanager:28.0.0-alpha3] AndroidManifest.xml:20:5-44
MERGED from [com.android.support:localbroadcastmanager:28.0.0-alpha3] AndroidManifest.xml:20:5-44
MERGED from [com.android.support:print:28.0.0-alpha3] AndroidManifest.xml:20:5-44
MERGED from [com.android.support:print:28.0.0-alpha3] AndroidManifest.xml:20:5-44
MERGED from [android.arch.lifecycle:viewmodel:1.1.1] AndroidManifest.xml:20:5-44
MERGED from [android.arch.lifecycle:viewmodel:1.1.1] AndroidManifest.xml:20:5-44
MERGED from [android.arch.lifecycle:livedata-core:1.1.1] AndroidManifest.xml:20:5-44
MERGED from [android.arch.lifecycle:livedata-core:1.1.1] AndroidManifest.xml:20:5-44
MERGED from [android.arch.lifecycle:runtime:1.1.1] AndroidManifest.xml:20:5-44
MERGED from [android.arch.lifecycle:runtime:1.1.1] AndroidManifest.xml:20:5-44
MERGED from [android.arch.core:runtime:1.1.1] AndroidManifest.xml:20:5-44
MERGED from [android.arch.core:runtime:1.1.1] AndroidManifest.xml:20:5-44
MERGED from [com.android.support:versionedparcelable:28.0.0-alpha3] AndroidManifest.xml:20:5-44
MERGED from [com.android.support:versionedparcelable:28.0.0-alpha3] AndroidManifest.xml:20:5-44
MERGED from [com.android.support:interpolator:28.0.0-alpha3] AndroidManifest.xml:20:5-44
MERGED from [com.android.support:interpolator:28.0.0-alpha3] AndroidManifest.xml:20:5-44
MERGED from [com.google.firebase:firebase-database-license:11.8.0] AndroidManifest.xml:4:5-43
MERGED from [com.google.firebase:firebase-database-license:11.8.0] AndroidManifest.xml:4:5-43
MERGED from [com.google.android.gms:play-services-location-license:11.8.0] AndroidManifest.xml:4:5-43
MERGED from [com.google.android.gms:play-services-location-license:11.8.0] AndroidManifest.xml:4:5-43
MERGED from [com.google.firebase:firebase-storage-license:11.8.0] AndroidManifest.xml:4:5-43
MERGED from [com.google.firebase:firebase-storage-license:11.8.0] AndroidManifest.xml:4:5-43
MERGED from [com.google.firebase:firebase-auth-license:11.8.0] AndroidManifest.xml:4:5-43
MERGED from [com.google.firebase:firebase-auth-license:11.8.0] AndroidManifest.xml:4:5-43
MERGED from [com.google.firebase:firebase-database-connection-license:11.8.0] AndroidManifest.xml:4:5-43
MERGED from [com.google.firebase:firebase-database-connection-license:11.8.0] AndroidManifest.xml:4:5-43
MERGED from [com.google.android.gms:play-services-basement-license:11.8.0] AndroidManifest.xml:4:5-43
MERGED from [com.google.android.gms:play-services-basement-license:11.8.0] AndroidManifest.xml:4:5-43
MERGED from [com.google.firebase:firebase-common-license:11.8.0] AndroidManifest.xml:4:5-43
MERGED from [com.google.firebase:firebase-common-license:11.8.0] AndroidManifest.xml:4:5-43
MERGED from [com.google.android.gms:play-services-tasks-license:11.8.0] AndroidManifest.xml:4:5-43
MERGED from [com.google.android.gms:play-services-tasks-license:11.8.0] AndroidManifest.xml:4:5-43
MERGED from [com.google.android.gms:play-services-base-license:11.8.0] AndroidManifest.xml:4:5-43
MERGED from [com.google.android.gms:play-services-base-license:11.8.0] AndroidManifest.xml:4:5-43
MERGED from [com.google.firebase:firebase-storage-common-license:11.8.0] AndroidManifest.xml:4:5-43
MERGED from [com.google.firebase:firebase-storage-common-license:11.8.0] AndroidManifest.xml:4:5-43
MERGED from [com.google.firebase:firebase-analytics-license:11.8.0] AndroidManifest.xml:4:5-43
MERGED from [com.google.firebase:firebase-analytics-license:11.8.0] AndroidManifest.xml:4:5-43
MERGED from [com.google.firebase:firebase-analytics-impl-license:11.8.0] AndroidManifest.xml:4:5-43
MERGED from [com.google.firebase:firebase-analytics-impl-license:11.8.0] AndroidManifest.xml:4:5-43
MERGED from [com.google.firebase:firebase-iid-license:11.8.0] AndroidManifest.xml:4:5-43
MERGED from [com.google.firebase:firebase-iid-license:11.8.0] AndroidManifest.xml:4:5-43
INJECTED from src/main/AndroidManifest.xml
INJECTED from src/main/AndroidManifest.xml
	android:targetSdkVersion
		INJECTED from src/main/AndroidManifest.xml
		ADDED from src/main/AndroidManifest.xml
		INJECTED from src/main/AndroidManifest.xml
	android:minSdkVersion
		INJECTED from src/main/AndroidManifest.xml
		ADDED from src/main/AndroidManifest.xml
		INJECTED from src/main/AndroidManifest.xml
activity#com.google.firebase.auth.internal.FederatedSignInActivity
ADDED from [com.google.firebase:firebase-auth:11.8.0] AndroidManifest.xml:23:9-29:75
	android:excludeFromRecents
		ADDED from [com.google.firebase:firebase-auth:11.8.0] AndroidManifest.xml:25:13-46
	android:launchMode
		ADDED from [com.google.firebase:firebase-auth:11.8.0] AndroidManifest.xml:27:13-48
	android:exported
		ADDED from [com.google.firebase:firebase-auth:11.8.0] AndroidManifest.xml:26:13-36
	android:permission
		ADDED from [com.google.firebase:firebase-auth:11.8.0] AndroidManifest.xml:28:13-102
	android:theme
		ADDED from [com.google.firebase:firebase-auth:11.8.0] AndroidManifest.xml:29:13-72
	android:name
		ADDED from [com.google.firebase:firebase-auth:11.8.0] AndroidManifest.xml:24:13-85
meta-data#android.support.VERSION
ADDED from [com.android.support:recyclerview-v7:26.1.0] AndroidManifest.xml:23:9-25:38
	android:value
		ADDED from [com.android.support:recyclerview-v7:26.1.0] AndroidManifest.xml:25:13-35
	android:name
		ADDED from [com.android.support:recyclerview-v7:26.1.0] AndroidManifest.xml:24:13-51
uses-permission#android.permission.ACCESS_NETWORK_STATE
ADDED from [com.google.firebase:firebase-analytics:11.8.0] AndroidManifest.xml:24:5-79
MERGED from [com.google.firebase:firebase-analytics-impl:11.8.0] AndroidManifest.xml:24:5-79
MERGED from [com.google.firebase:firebase-analytics-impl:11.8.0] AndroidManifest.xml:24:5-79
MERGED from [com.google.firebase:firebase-iid:11.8.0] AndroidManifest.xml:22:5-79
MERGED from [com.google.firebase:firebase-iid:11.8.0] AndroidManifest.xml:22:5-79
	android:name
		ADDED from [com.google.firebase:firebase-analytics:11.8.0] AndroidManifest.xml:24:22-76
uses-permission#android.permission.WAKE_LOCK
ADDED from [com.google.firebase:firebase-analytics:11.8.0] AndroidManifest.xml:25:5-68
MERGED from [com.google.firebase:firebase-analytics-impl:11.8.0] AndroidManifest.xml:25:5-68
MERGED from [com.google.firebase:firebase-analytics-impl:11.8.0] AndroidManifest.xml:25:5-68
MERGED from [com.google.firebase:firebase-iid:11.8.0] AndroidManifest.xml:24:5-68
MERGED from [com.google.firebase:firebase-iid:11.8.0] AndroidManifest.xml:24:5-68
	android:name
		ADDED from [com.google.firebase:firebase-analytics:11.8.0] AndroidManifest.xml:25:22-65
receiver#com.google.android.gms.measurement.AppMeasurementReceiver
ADDED from [com.google.firebase:firebase-analytics:11.8.0] AndroidManifest.xml:28:9-32:20
MERGED from [com.google.firebase:firebase-analytics-impl:11.8.0] AndroidManifest.xml:28:9-32:20
MERGED from [com.google.firebase:firebase-analytics-impl:11.8.0] AndroidManifest.xml:28:9-32:20
	android:enabled
		ADDED from [com.google.firebase:firebase-analytics:11.8.0] AndroidManifest.xml:30:13-35
	android:exported
		ADDED from [com.google.firebase:firebase-analytics:11.8.0] AndroidManifest.xml:31:13-37
	android:name
		ADDED from [com.google.firebase:firebase-analytics:11.8.0] AndroidManifest.xml:29:13-85
receiver#com.google.android.gms.measurement.AppMeasurementInstallReferrerReceiver
ADDED from [com.google.firebase:firebase-analytics:11.8.0] AndroidManifest.xml:33:9-41:20
	android:enabled
		ADDED from [com.google.firebase:firebase-analytics:11.8.0] AndroidManifest.xml:35:13-35
	android:exported
		ADDED from [com.google.firebase:firebase-analytics:11.8.0] AndroidManifest.xml:36:13-36
	android:permission
		ADDED from [com.google.firebase:firebase-analytics:11.8.0] AndroidManifest.xml:37:13-69
	android:name
		ADDED from [com.google.firebase:firebase-analytics:11.8.0] AndroidManifest.xml:34:13-100
intent-filter#action:name:com.android.vending.INSTALL_REFERRER
ADDED from [com.google.firebase:firebase-analytics:11.8.0] AndroidManifest.xml:38:13-40:29
action#com.android.vending.INSTALL_REFERRER
ADDED from [com.google.firebase:firebase-analytics:11.8.0] AndroidManifest.xml:39:17-79
	android:name
		ADDED from [com.google.firebase:firebase-analytics:11.8.0] AndroidManifest.xml:39:25-76
service#com.google.android.gms.measurement.AppMeasurementService
ADDED from [com.google.firebase:firebase-analytics:11.8.0] AndroidManifest.xml:43:9-46:40
MERGED from [com.google.firebase:firebase-analytics-impl:11.8.0] AndroidManifest.xml:34:9-37:40
MERGED from [com.google.firebase:firebase-analytics-impl:11.8.0] AndroidManifest.xml:34:9-37:40
	android:enabled